2019-07-27 19:43:24,228 INFO 1648 [egg-schedule]: register schedule C:\Users\Hasee\Desktop\eggwebpack\node_modules\egg-multipart\app\schedule\clean_tmpdir.js
2019-07-27 19:43:24,228 INFO 1648 [egg-schedule]: register schedule C:\Users\Hasee\Desktop\eggwebpack\node_modules\egg-logrotator\app\schedule\clean_log.js
2019-07-27 19:43:24,228 INFO 1648 [egg-schedule]: register schedule C:\Users\Hasee\Desktop\eggwebpack\node_modules\egg-logrotator\app\schedule\rotate_by_file.js
2019-07-27 19:43:25,741 INFO 24736 [Timer] C:\Users\Hasee\Desktop\eggwebpack\node_modules\egg-multipart\app\schedule\clean_tmpdir.js next time will execute after 31594266ms at 2019-07-28 04:30:00.007
2019-07-27 19:43:25,742 INFO 24736 [Timer] C:\Users\Hasee\Desktop\eggwebpack\node_modules\egg-logrotator\app\schedule\clean_log.js next time will execute after 15394258ms at 2019-07-28 00:00:00.000
2019-07-27 19:43:25,742 INFO 24736 [Timer] C:\Users\Hasee\Desktop\eggwebpack\node_modules\egg-logrotator\app\schedule\rotate_by_file.js next time will execute after 15395258ms at 2019-07-28 00:00:01.000
2019-07-27 19:44:41,928 INFO 1104 [egg-schedule]: register schedule C:\Users\Hasee\Desktop\eggwebpack\node_modules\egg-multipart\app\schedule\clean_tmpdir.js
2019-07-27 19:44:41,928 INFO 1104 [egg-schedule]: register schedule C:\Users\Hasee\Desktop\eggwebpack\node_modules\egg-logrotator\app\schedule\clean_log.js
2019-07-27 19:44:41,928 INFO 1104 [egg-schedule]: register schedule C:\Users\Hasee\Desktop\eggwebpack\node_modules\egg-logrotator\app\schedule\rotate_by_file.js
2019-07-27 19:44:42,078 INFO 19500 [Timer] C:\Users\Hasee\Desktop\eggwebpack\node_modules\egg-multipart\app\schedule\clean_tmpdir.js next time will execute after 31517925ms at 2019-07-28 04:30:00.003
2019-07-27 19:44:42,079 INFO 19500 [Timer] C:\Users\Hasee\Desktop\eggwebpack\node_modules\egg-logrotator\app\schedule\clean_log.js next time will execute after 15317921ms at 2019-07-28 00:00:00.000
2019-07-27 19:44:42,079 INFO 19500 [Timer] C:\Users\Hasee\Desktop\eggwebpack\node_modules\egg-logrotator\app\schedule\rotate_by_file.js next time will execute after 15318921ms at 2019-07-28 00:00:01.000
2019-07-27 19:48:05,605 INFO 22376 [egg-schedule]: register schedule C:\Users\Hasee\Desktop\eggwebpack\node_modules\egg-multipart\app\schedule\clean_tmpdir.js
2019-07-27 19:48:05,605 INFO 22376 [egg-schedule]: register schedule C:\Users\Hasee\Desktop\eggwebpack\node_modules\egg-logrotator\app\schedule\clean_log.js
2019-07-27 19:48:05,605 INFO 22376 [egg-schedule]: register schedule C:\Users\Hasee\Desktop\eggwebpack\node_modules\egg-logrotator\app\schedule\rotate_by_file.js
2019-07-27 19:48:34,414 INFO 1984 [Timer] C:\Users\Hasee\Desktop\eggwebpack\node_modules\egg-multipart\app\schedule\clean_tmpdir.js next time will execute after 31285589ms at 2019-07-28 04:30:00.003
2019-07-27 19:48:34,415 INFO 1984 [Timer] C:\Users\Hasee\Desktop\eggwebpack\node_modules\egg-logrotator\app\schedule\clean_log.js next time will execute after 15085585ms at 2019-07-28 00:00:00.000
2019-07-27 19:48:34,415 INFO 1984 [Timer] C:\Users\Hasee\Desktop\eggwebpack\node_modules\egg-logrotator\app\schedule\rotate_by_file.js next time will execute after 15086585ms at 2019-07-28 00:00:01.000
2019-07-27 19:48:34,263 INFO 21728 [egg-schedule]: register schedule C:\Users\Hasee\Desktop\eggwebpack\node_modules\egg-multipart\app\schedule\clean_tmpdir.js
2019-07-27 19:48:34,263 INFO 21728 [egg-schedule]: register schedule C:\Users\Hasee\Desktop\eggwebpack\node_modules\egg-logrotator\app\schedule\clean_log.js
2019-07-27 19:48:34,263 INFO 21728 [egg-schedule]: register schedule C:\Users\Hasee\Desktop\eggwebpack\node_modules\egg-logrotator\app\schedule\rotate_by_file.js
2019-07-27 19:54:51,230 INFO 1648 [egg-schedule]: register schedule C:\Users\Hasee\Desktop\eggwebpack\node_modules\egg-multipart\app\schedule\clean_tmpdir.js
2019-07-27 19:54:51,230 INFO 1648 [egg-schedule]: register schedule C:\Users\Hasee\Desktop\eggwebpack\node_modules\egg-logrotator\app\schedule\clean_log.js
2019-07-27 19:54:51,230 INFO 1648 [egg-schedule]: register schedule C:\Users\Hasee\Desktop\eggwebpack\node_modules\egg-logrotator\app\schedule\rotate_by_file.js
2019-07-27 19:55:11,452 INFO 27940 [Timer] C:\Users\Hasee\Desktop\eggwebpack\node_modules\egg-multipart\app\schedule\clean_tmpdir.js next time will execute after 30888554ms at 2019-07-28 04:30:00.006
2019-07-27 19:55:11,453 INFO 27940 [Timer] C:\Users\Hasee\Desktop\eggwebpack\node_modules\egg-logrotator\app\schedule\clean_log.js next time will execute after 14688547ms at 2019-07-28 00:00:00.000
2019-07-27 19:55:11,453 INFO 27940 [Timer] C:\Users\Hasee\Desktop\eggwebpack\node_modules\egg-logrotator\app\schedule\rotate_by_file.js next time will execute after 14689547ms at 2019-07-28 00:00:01.000
2019-07-27 19:55:11,243 INFO 28248 [egg-schedule]: register schedule C:\Users\Hasee\Desktop\eggwebpack\node_modules\egg-multipart\app\schedule\clean_tmpdir.js
2019-07-27 19:55:11,243 INFO 28248 [egg-schedule]: register schedule C:\Users\Hasee\Desktop\eggwebpack\node_modules\egg-logrotator\app\schedule\clean_log.js
2019-07-27 19:55:11,243 INFO 28248 [egg-schedule]: register schedule C:\Users\Hasee\Desktop\eggwebpack\node_modules\egg-logrotator\app\schedule\rotate_by_file.js
2019-07-27 19:56:18,454 INFO 26720 [Timer] C:\Users\Hasee\Desktop\eggwebpack\node_modules\egg-multipart\app\schedule\clean_tmpdir.js next time will execute after 30821550ms at 2019-07-28 04:30:00.004
2019-07-27 19:56:18,454 INFO 26720 [Timer] C:\Users\Hasee\Desktop\eggwebpack\node_modules\egg-logrotator\app\schedule\clean_log.js next time will execute after 14621546ms at 2019-07-28 00:00:00.000
2019-07-27 19:56:18,455 INFO 26720 [Timer] C:\Users\Hasee\Desktop\eggwebpack\node_modules\egg-logrotator\app\schedule\rotate_by_file.js next time will execute after 14622546ms at 2019-07-28 00:00:01.001
2019-07-27 19:56:18,299 INFO 22416 [egg-schedule]: register schedule C:\Users\Hasee\Desktop\eggwebpack\node_modules\egg-multipart\app\schedule\clean_tmpdir.js
2019-07-27 19:56:18,299 INFO 22416 [egg-schedule]: register schedule C:\Users\Hasee\Desktop\eggwebpack\node_modules\egg-logrotator\app\schedule\clean_log.js
2019-07-27 19:56:18,299 INFO 22416 [egg-schedule]: register schedule C:\Users\Hasee\Desktop\eggwebpack\node_modules\egg-logrotator\app\schedule\rotate_by_file.js
2019-07-27 20:00:43,163 INFO 21876 [Timer] C:\Users\Hasee\Desktop\eggwebpack\node_modules\egg-multipart\app\schedule\clean_tmpdir.js next time will execute after 30556843ms at 2019-07-28 04:30:00.006
2019-07-27 20:00:43,163 INFO 21876 [Timer] C:\Users\Hasee\Desktop\eggwebpack\node_modules\egg-logrotator\app\schedule\clean_log.js next time will execute after 14356837ms at 2019-07-28 00:00:00.000
2019-07-27 20:00:43,164 INFO 21876 [Timer] C:\Users\Hasee\Desktop\eggwebpack\node_modules\egg-logrotator\app\schedule\rotate_by_file.js next time will execute after 14357837ms at 2019-07-28 00:00:01.001
2019-07-27 20:00:42,993 INFO 24876 [egg-schedule]: register schedule C:\Users\Hasee\Desktop\eggwebpack\node_modules\egg-multipart\app\schedule\clean_tmpdir.js
2019-07-27 20:00:42,993 INFO 24876 [egg-schedule]: register schedule C:\Users\Hasee\Desktop\eggwebpack\node_modules\egg-logrotator\app\schedule\clean_log.js
2019-07-27 20:00:42,993 INFO 24876 [egg-schedule]: register schedule C:\Users\Hasee\Desktop\eggwebpack\node_modules\egg-logrotator\app\schedule\rotate_by_file.js
2019-07-27 20:04:56,694 INFO 28380 [egg-schedule]: register schedule C:\Users\Hasee\Desktop\eggwebpack\node_modules\egg-multipart\app\schedule\clean_tmpdir.js
2019-07-27 20:04:56,694 INFO 28380 [egg-schedule]: register schedule C:\Users\Hasee\Desktop\eggwebpack\node_modules\egg-logrotator\app\schedule\clean_log.js
2019-07-27 20:04:56,694 INFO 28380 [egg-schedule]: register schedule C:\Users\Hasee\Desktop\eggwebpack\node_modules\egg-logrotator\app\schedule\rotate_by_file.js
2019-07-27 20:05:34,473 INFO 28200 [Timer] C:\Users\Hasee\Desktop\eggwebpack\node_modules\egg-multipart\app\schedule\clean_tmpdir.js next time will execute after 30265530ms at 2019-07-28 04:30:00.003
2019-07-27 20:05:34,474 INFO 28200 [Timer] C:\Users\Hasee\Desktop\eggwebpack\node_modules\egg-logrotator\app\schedule\clean_log.js next time will execute after 14065526ms at 2019-07-28 00:00:00.000
2019-07-27 20:05:34,474 INFO 28200 [Timer] C:\Users\Hasee\Desktop\eggwebpack\node_modules\egg-logrotator\app\schedule\rotate_by_file.js next time will execute after 14066526ms at 2019-07-28 00:00:01.000
2019-07-27 20:05:34,311 INFO 22732 [egg-schedule]: register schedule C:\Users\Hasee\Desktop\eggwebpack\node_modules\egg-multipart\app\schedule\clean_tmpdir.js
2019-07-27 20:05:34,311 INFO 22732 [egg-schedule]: register schedule C:\Users\Hasee\Desktop\eggwebpack\node_modules\egg-logrotator\app\schedule\clean_log.js
2019-07-27 20:05:34,311 INFO 22732 [egg-schedule]: register schedule C:\Users\Hasee\Desktop\eggwebpack\node_modules\egg-logrotator\app\schedule\rotate_by_file.js
2019-07-27 20:08:30,564 INFO 3208 [Timer] C:\Users\Hasee\Desktop\eggwebpack\node_modules\egg-multipart\app\schedule\clean_tmpdir.js next time will execute after 30089439ms at 2019-07-28 04:30:00.003
2019-07-27 20:08:30,564 INFO 3208 [Timer] C:\Users\Hasee\Desktop\eggwebpack\node_modules\egg-logrotator\app\schedule\clean_log.js next time will execute after 13889436ms at 2019-07-28 00:00:00.000
2019-07-27 20:08:30,565 INFO 3208 [Timer] C:\Users\Hasee\Desktop\eggwebpack\node_modules\egg-logrotator\app\schedule\rotate_by_file.js next time will execute after 13890436ms at 2019-07-28 00:00:01.001
2019-07-27 20:08:30,418 INFO 27036 [egg-schedule]: register schedule C:\Users\Hasee\Desktop\eggwebpack\node_modules\egg-multipart\app\schedule\clean_tmpdir.js
2019-07-27 20:08:30,418 INFO 27036 [egg-schedule]: register schedule C:\Users\Hasee\Desktop\eggwebpack\node_modules\egg-logrotator\app\schedule\clean_log.js
2019-07-27 20:08:30,418 INFO 27036 [egg-schedule]: register schedule C:\Users\Hasee\Desktop\eggwebpack\node_modules\egg-logrotator\app\schedule\rotate_by_file.js
2019-07-27 20:13:30,439 INFO 25412 [Timer] C:\Users\Hasee\Desktop\eggwebpack\node_modules\egg-multipart\app\schedule\clean_tmpdir.js next time will execute after 29789564ms at 2019-07-28 04:30:00.003
2019-07-27 20:13:30,440 INFO 25412 [Timer] C:\Users\Hasee\Desktop\eggwebpack\node_modules\egg-logrotator\app\schedule\clean_log.js next time will execute after 13589560ms at 2019-07-28 00:00:00.000
2019-07-27 20:13:30,440 INFO 25412 [Timer] C:\Users\Hasee\Desktop\eggwebpack\node_modules\egg-logrotator\app\schedule\rotate_by_file.js next time will execute after 13590560ms at 2019-07-28 00:00:01.000
2019-07-27 20:13:30,238 INFO 11564 [egg-schedule]: register schedule C:\Users\Hasee\Desktop\eggwebpack\node_modules\egg-multipart\app\schedule\clean_tmpdir.js
2019-07-27 20:13:30,238 INFO 11564 [egg-schedule]: register schedule C:\Users\Hasee\Desktop\eggwebpack\node_modules\egg-logrotator\app\schedule\clean_log.js
2019-07-27 20:13:30,238 INFO 11564 [egg-schedule]: register schedule C:\Users\Hasee\Desktop\eggwebpack\node_modules\egg-logrotator\app\schedule\rotate_by_file.js
2019-07-27 20:14:00,002 INFO 23852 [Timer] C:\Users\Hasee\Desktop\eggwebpack\node_modules\egg-multipart\app\schedule\clean_tmpdir.js next time will execute after 29760003ms at 2019-07-28 04:30:00.005
2019-07-27 20:14:00,002 INFO 23852 [Timer] C:\Users\Hasee\Desktop\eggwebpack\node_modules\egg-logrotator\app\schedule\clean_log.js next time will execute after 13559998ms at 2019-07-28 00:00:00.000
2019-07-27 20:14:00,003 INFO 23852 [Timer] C:\Users\Hasee\Desktop\eggwebpack\node_modules\egg-logrotator\app\schedule\rotate_by_file.js next time will execute after 13560997ms at 2019-07-28 00:00:01.000
2019-07-27 20:13:59,851 INFO 28332 [egg-schedule]: register schedule C:\Users\Hasee\Desktop\eggwebpack\node_modules\egg-multipart\app\schedule\clean_tmpdir.js
2019-07-27 20:13:59,851 INFO 28332 [egg-schedule]: register schedule C:\Users\Hasee\Desktop\eggwebpack\node_modules\egg-logrotator\app\schedule\clean_log.js
2019-07-27 20:13:59,851 INFO 28332 [egg-schedule]: register schedule C:\Users\Hasee\Desktop\eggwebpack\node_modules\egg-logrotator\app\schedule\rotate_by_file.js
2019-07-27 20:15:56,230 INFO 28136 [egg-schedule]: register schedule C:\Users\Hasee\Desktop\eggwebpack\node_modules\egg-multipart\app\schedule\clean_tmpdir.js
2019-07-27 20:15:56,230 INFO 28136 [egg-schedule]: register schedule C:\Users\Hasee\Desktop\eggwebpack\node_modules\egg-logrotator\app\schedule\clean_log.js
2019-07-27 20:15:56,230 INFO 28136 [egg-schedule]: register schedule C:\Users\Hasee\Desktop\eggwebpack\node_modules\egg-logrotator\app\schedule\rotate_by_file.js
2019-07-27 20:15:56,397 INFO 24536 [Timer] C:\Users\Hasee\Desktop\eggwebpack\node_modules\egg-multipart\app\schedule\clean_tmpdir.js next time will execute after 29643607ms at 2019-07-28 04:30:00.004
2019-07-27 20:15:56,397 INFO 24536 [Timer] C:\Users\Hasee\Desktop\eggwebpack\node_modules\egg-logrotator\app\schedule\clean_log.js next time will execute after 13443603ms at 2019-07-28 00:00:00.000
2019-07-27 20:15:56,397 INFO 24536 [Timer] C:\Users\Hasee\Desktop\eggwebpack\node_modules\egg-logrotator\app\schedule\rotate_by_file.js next time will execute after 13444603ms at 2019-07-28 00:00:01.000
2019-07-27 20:17:09,540 INFO 27536 [Timer] C:\Users\Hasee\Desktop\eggwebpack\node_modules\egg-multipart\app\schedule\clean_tmpdir.js next time will execute after 29570464ms at 2019-07-28 04:30:00.004
2019-07-27 20:17:09,540 INFO 27536 [Timer] C:\Users\Hasee\Desktop\eggwebpack\node_modules\egg-logrotator\app\schedule\clean_log.js next time will execute after 13370460ms at 2019-07-28 00:00:00.000
2019-07-27 20:17:09,540 INFO 27536 [Timer] C:\Users\Hasee\Desktop\eggwebpack\node_modules\egg-logrotator\app\schedule\rotate_by_file.js next time will execute after 13371460ms at 2019-07-28 00:00:01.000
2019-07-27 20:17:09,393 INFO 7068 [egg-schedule]: register schedule C:\Users\Hasee\Desktop\eggwebpack\node_modules\egg-multipart\app\schedule\clean_tmpdir.js
2019-07-27 20:17:09,393 INFO 7068 [egg-schedule]: register schedule C:\Users\Hasee\Desktop\eggwebpack\node_modules\egg-logrotator\app\schedule\clean_log.js
2019-07-27 20:17:09,393 INFO 7068 [egg-schedule]: register schedule C:\Users\Hasee\Desktop\eggwebpack\node_modules\egg-logrotator\app\schedule\rotate_by_file.js
2019-07-27 20:17:49,278 INFO 10716 [Timer] C:\Users\Hasee\Desktop\eggwebpack\node_modules\egg-multipart\app\schedule\clean_tmpdir.js next time will execute after 29530726ms at 2019-07-28 04:30:00.004
2019-07-27 20:17:49,278 INFO 10716 [Timer] C:\Users\Hasee\Desktop\eggwebpack\node_modules\egg-logrotator\app\schedule\clean_log.js next time will execute after 13330722ms at 2019-07-28 00:00:00.000
2019-07-27 20:17:49,278 INFO 10716 [Timer] C:\Users\Hasee\Desktop\eggwebpack\node_modules\egg-logrotator\app\schedule\rotate_by_file.js next time will execute after 13331722ms at 2019-07-28 00:00:01.000
2019-07-27 20:17:49,129 INFO 27604 [egg-schedule]: register schedule C:\Users\Hasee\Desktop\eggwebpack\node_modules\egg-multipart\app\schedule\clean_tmpdir.js
2019-07-27 20:17:49,129 INFO 27604 [egg-schedule]: register schedule C:\Users\Hasee\Desktop\eggwebpack\node_modules\egg-logrotator\app\schedule\clean_log.js
2019-07-27 20:17:49,129 INFO 27604 [egg-schedule]: register schedule C:\Users\Hasee\Desktop\eggwebpack\node_modules\egg-logrotator\app\schedule\rotate_by_file.js
2019-07-27 20:18:28,475 INFO 24148 [egg-schedule]: register schedule C:\Users\Hasee\Desktop\eggwebpack\node_modules\egg-multipart\app\schedule\clean_tmpdir.js
2019-07-27 20:18:28,476 INFO 24148 [egg-schedule]: register schedule C:\Users\Hasee\Desktop\eggwebpack\node_modules\egg-logrotator\app\schedule\clean_log.js
2019-07-27 20:18:28,476 INFO 24148 [egg-schedule]: register schedule C:\Users\Hasee\Desktop\eggwebpack\node_modules\egg-logrotator\app\schedule\rotate_by_file.js
2019-07-27 20:18:53,553 INFO 25004 [Timer] C:\Users\Hasee\Desktop\eggwebpack\node_modules\egg-multipart\app\schedule\clean_tmpdir.js next time will execute after 29466451ms at 2019-07-28 04:30:00.004
2019-07-27 20:18:53,553 INFO 25004 [Timer] C:\Users\Hasee\Desktop\eggwebpack\node_modules\egg-logrotator\app\schedule\clean_log.js next time will execute after 13266447ms at 2019-07-28 00:00:00.000
2019-07-27 20:18:53,553 INFO 25004 [Timer] C:\Users\Hasee\Desktop\eggwebpack\node_modules\egg-logrotator\app\schedule\rotate_by_file.js next time will execute after 13267447ms at 2019-07-28 00:00:01.000
2019-07-27 20:18:53,398 INFO 28624 [egg-schedule]: register schedule C:\Users\Hasee\Desktop\eggwebpack\node_modules\egg-multipart\app\schedule\clean_tmpdir.js
2019-07-27 20:18:53,398 INFO 28624 [egg-schedule]: register schedule C:\Users\Hasee\Desktop\eggwebpack\node_modules\egg-logrotator\app\schedule\clean_log.js
2019-07-27 20:18:53,398 INFO 28624 [egg-schedule]: register schedule C:\Users\Hasee\Desktop\eggwebpack\node_modules\egg-logrotator\app\schedule\rotate_by_file.js
2019-07-27 20:19:49,602 INFO 28136 [Timer] C:\Users\Hasee\Desktop\eggwebpack\node_modules\egg-multipart\app\schedule\clean_tmpdir.js next time will execute after 29410402ms at 2019-07-28 04:30:00.004
2019-07-27 20:19:49,602 INFO 28136 [Timer] C:\Users\Hasee\Desktop\eggwebpack\node_modules\egg-logrotator\app\schedule\clean_log.js next time will execute after 13210398ms at 2019-07-28 00:00:00.000
2019-07-27 20:19:49,603 INFO 28136 [Timer] C:\Users\Hasee\Desktop\eggwebpack\node_modules\egg-logrotator\app\schedule\rotate_by_file.js next time will execute after 13211398ms at 2019-07-28 00:00:01.001
2019-07-27 20:19:49,449 INFO 27468 [egg-schedule]: register schedule C:\Users\Hasee\Desktop\eggwebpack\node_modules\egg-multipart\app\schedule\clean_tmpdir.js
2019-07-27 20:19:49,449 INFO 27468 [egg-schedule]: register schedule C:\Users\Hasee\Desktop\eggwebpack\node_modules\egg-logrotator\app\schedule\clean_log.js
2019-07-27 20:19:49,449 INFO 27468 [egg-schedule]: register schedule C:\Users\Hasee\Desktop\eggwebpack\node_modules\egg-logrotator\app\schedule\rotate_by_file.js
2019-07-27 20:20:10,255 INFO 14552 [Timer] C:\Users\Hasee\Desktop\eggwebpack\node_modules\egg-multipart\app\schedule\clean_tmpdir.js next time will execute after 29389748ms at 2019-07-28 04:30:00.003
2019-07-27 20:20:10,255 INFO 14552 [Timer] C:\Users\Hasee\Desktop\eggwebpack\node_modules\egg-logrotator\app\schedule\clean_log.js next time will execute after 13189745ms at 2019-07-28 00:00:00.000
2019-07-27 20:20:10,255 INFO 14552 [Timer] C:\Users\Hasee\Desktop\eggwebpack\node_modules\egg-logrotator\app\schedule\rotate_by_file.js next time will execute after 13190745ms at 2019-07-28 00:00:01.000
2019-07-27 20:20:10,100 INFO 25552 [egg-schedule]: register schedule C:\Users\Hasee\Desktop\eggwebpack\node_modules\egg-multipart\app\schedule\clean_tmpdir.js
2019-07-27 20:20:10,100 INFO 25552 [egg-schedule]: register schedule C:\Users\Hasee\Desktop\eggwebpack\node_modules\egg-logrotator\app\schedule\clean_log.js
2019-07-27 20:20:10,100 INFO 25552 [egg-schedule]: register schedule C:\Users\Hasee\Desktop\eggwebpack\node_modules\egg-logrotator\app\schedule\rotate_by_file.js
2019-07-27 20:23:37,447 INFO 27688 [Timer] C:\Users\Hasee\Desktop\eggwebpack\node_modules\egg-multipart\app\schedule\clean_tmpdir.js next time will execute after 29182557ms at 2019-07-28 04:30:00.004
2019-07-27 20:23:37,447 INFO 27688 [Timer] C:\Users\Hasee\Desktop\eggwebpack\node_modules\egg-logrotator\app\schedule\clean_log.js next time will execute after 12982553ms at 2019-07-28 00:00:00.000
2019-07-27 20:23:37,448 INFO 27688 [Timer] C:\Users\Hasee\Desktop\eggwebpack\node_modules\egg-logrotator\app\schedule\rotate_by_file.js next time will execute after 12983553ms at 2019-07-28 00:00:01.001
2019-07-27 20:23:37,296 INFO 18764 [egg-schedule]: register schedule C:\Users\Hasee\Desktop\eggwebpack\node_modules\egg-multipart\app\schedule\clean_tmpdir.js
2019-07-27 20:23:37,296 INFO 18764 [egg-schedule]: register schedule C:\Users\Hasee\Desktop\eggwebpack\node_modules\egg-logrotator\app\schedule\clean_log.js
2019-07-27 20:23:37,296 INFO 18764 [egg-schedule]: register schedule C:\Users\Hasee\Desktop\eggwebpack\node_modules\egg-logrotator\app\schedule\rotate_by_file.js
2019-07-27 20:25:21,920 INFO 2052 [egg-schedule]: register schedule C:\Users\Hasee\Desktop\eggwebpack\node_modules\egg-multipart\app\schedule\clean_tmpdir.js
2019-07-27 20:25:21,920 INFO 2052 [egg-schedule]: register schedule C:\Users\Hasee\Desktop\eggwebpack\node_modules\egg-logrotator\app\schedule\clean_log.js
2019-07-27 20:25:21,920 INFO 2052 [egg-schedule]: register schedule C:\Users\Hasee\Desktop\eggwebpack\node_modules\egg-logrotator\app\schedule\rotate_by_file.js
2019-07-27 20:25:39,429 INFO 14040 [egg-schedule]: register schedule C:\Users\Hasee\Desktop\eggwebpack\node_modules\egg-multipart\app\schedule\clean_tmpdir.js
2019-07-27 20:25:39,429 INFO 14040 [egg-schedule]: register schedule C:\Users\Hasee\Desktop\eggwebpack\node_modules\egg-logrotator\app\schedule\clean_log.js
2019-07-27 20:25:39,429 INFO 14040 [egg-schedule]: register schedule C:\Users\Hasee\Desktop\eggwebpack\node_modules\egg-logrotator\app\schedule\rotate_by_file.js
2019-07-27 20:25:49,040 INFO 28644 [egg-schedule]: register schedule C:\Users\Hasee\Desktop\eggwebpack\node_modules\egg-multipart\app\schedule\clean_tmpdir.js
2019-07-27 20:25:49,040 INFO 28644 [egg-schedule]: register schedule C:\Users\Hasee\Desktop\eggwebpack\node_modules\egg-logrotator\app\schedule\clean_log.js
2019-07-27 20:25:49,040 INFO 28644 [egg-schedule]: register schedule C:\Users\Hasee\Desktop\eggwebpack\node_modules\egg-logrotator\app\schedule\rotate_by_file.js
2019-07-27 20:25:53,516 INFO 28460 [egg-schedule]: register schedule C:\Users\Hasee\Desktop\eggwebpack\node_modules\egg-multipart\app\schedule\clean_tmpdir.js
2019-07-27 20:25:53,516 INFO 28460 [egg-schedule]: register schedule C:\Users\Hasee\Desktop\eggwebpack\node_modules\egg-logrotator\app\schedule\clean_log.js
2019-07-27 20:25:53,516 INFO 28460 [egg-schedule]: register schedule C:\Users\Hasee\Desktop\eggwebpack\node_modules\egg-logrotator\app\schedule\rotate_by_file.js
2019-07-27 20:26:47,052 INFO 21664 [Timer] C:\Users\Hasee\Desktop\eggwebpack\node_modules\egg-multipart\app\schedule\clean_tmpdir.js next time will execute after 28992952ms at 2019-07-28 04:30:00.004
2019-07-27 20:26:47,052 INFO 21664 [Timer] C:\Users\Hasee\Desktop\eggwebpack\node_modules\egg-logrotator\app\schedule\clean_log.js next time will execute after 12792948ms at 2019-07-28 00:00:00.000
2019-07-27 20:26:47,053 INFO 21664 [Timer] C:\Users\Hasee\Desktop\eggwebpack\node_modules\egg-logrotator\app\schedule\rotate_by_file.js next time will execute after 12793948ms at 2019-07-28 00:00:01.001
2019-07-27 20:26:46,891 INFO 28132 [egg-schedule]: register schedule C:\Users\Hasee\Desktop\eggwebpack\node_modules\egg-multipart\app\schedule\clean_tmpdir.js
2019-07-27 20:26:46,891 INFO 28132 [egg-schedule]: register schedule C:\Users\Hasee\Desktop\eggwebpack\node_modules\egg-logrotator\app\schedule\clean_log.js
2019-07-27 20:26:46,891 INFO 28132 [egg-schedule]: register schedule C:\Users\Hasee\Desktop\eggwebpack\node_modules\egg-logrotator\app\schedule\rotate_by_file.js
2019-07-27 20:28:07,470 INFO 27784 [egg-schedule]: register schedule C:\Users\Hasee\Desktop\eggwebpack\node_modules\egg-multipart\app\schedule\clean_tmpdir.js
2019-07-27 20:28:07,470 INFO 27784 [egg-schedule]: register schedule C:\Users\Hasee\Desktop\eggwebpack\node_modules\egg-logrotator\app\schedule\clean_log.js
2019-07-27 20:28:07,470 INFO 27784 [egg-schedule]: register schedule C:\Users\Hasee\Desktop\eggwebpack\node_modules\egg-logrotator\app\schedule\rotate_by_file.js
2019-07-27 20:28:07,635 INFO 17780 [Timer] C:\Users\Hasee\Desktop\eggwebpack\node_modules\egg-multipart\app\schedule\clean_tmpdir.js next time will execute after 28912368ms at 2019-07-28 04:30:00.003
2019-07-27 20:28:07,636 INFO 17780 [Timer] C:\Users\Hasee\Desktop\eggwebpack\node_modules\egg-logrotator\app\schedule\clean_log.js next time will execute after 12712364ms at 2019-07-28 00:00:00.000
2019-07-27 20:28:07,636 INFO 17780 [Timer] C:\Users\Hasee\Desktop\eggwebpack\node_modules\egg-logrotator\app\schedule\rotate_by_file.js next time will execute after 12713364ms at 2019-07-28 00:00:01.000
2019-07-27 20:50:00,083 INFO 30144 [Timer] C:\Users\Hasee\Desktop\eggwebpack\node_modules\egg-multipart\app\schedule\clean_tmpdir.js next time will execute after 27599921ms at 2019-07-28 04:30:00.004
2019-07-27 20:50:00,084 INFO 30144 [Timer] C:\Users\Hasee\Desktop\eggwebpack\node_modules\egg-logrotator\app\schedule\clean_log.js next time will execute after 11399917ms at 2019-07-28 00:00:00.001
2019-07-27 20:50:00,084 INFO 30144 [Timer] C:\Users\Hasee\Desktop\eggwebpack\node_modules\egg-logrotator\app\schedule\rotate_by_file.js next time will execute after 11400916ms at 2019-07-28 00:00:01.000
2019-07-27 20:49:59,877 INFO 21868 [egg-schedule]: register schedule C:\Users\Hasee\Desktop\eggwebpack\node_modules\egg-multipart\app\schedule\clean_tmpdir.js
2019-07-27 20:49:59,877 INFO 21868 [egg-schedule]: register schedule C:\Users\Hasee\Desktop\eggwebpack\node_modules\egg-logrotator\app\schedule\clean_log.js
2019-07-27 20:49:59,877 INFO 21868 [egg-schedule]: register schedule C:\Users\Hasee\Desktop\eggwebpack\node_modules\egg-logrotator\app\schedule\rotate_by_file.js
2019-07-27 20:50:04,081 INFO 28312 [egg-schedule]: register schedule C:\Users\Hasee\Desktop\eggwebpack\node_modules\egg-multipart\app\schedule\clean_tmpdir.js
2019-07-27 20:50:04,081 INFO 28312 [egg-schedule]: register schedule C:\Users\Hasee\Desktop\eggwebpack\node_modules\egg-logrotator\app\schedule\clean_log.js
2019-07-27 20:50:04,081 INFO 28312 [egg-schedule]: register schedule C:\Users\Hasee\Desktop\eggwebpack\node_modules\egg-logrotator\app\schedule\rotate_by_file.js
2019-07-27 21:31:13,321 INFO 25440 [Timer] C:\Users\Hasee\Desktop\eggwebpack\node_modules\egg-multipart\app\schedule\clean_tmpdir.js next time will execute after 25126683ms at 2019-07-28 04:30:00.004
2019-07-27 21:31:13,321 INFO 25440 [Timer] C:\Users\Hasee\Desktop\eggwebpack\node_modules\egg-logrotator\app\schedule\clean_log.js next time will execute after 8926679ms at 2019-07-28 00:00:00.000
2019-07-27 21:31:13,322 INFO 25440 [Timer] C:\Users\Hasee\Desktop\eggwebpack\node_modules\egg-logrotator\app\schedule\rotate_by_file.js next time will execute after 8927679ms at 2019-07-28 00:00:01.001
2019-07-27 21:31:13,153 INFO 26048 [egg-schedule]: register schedule C:\Users\Hasee\Desktop\eggwebpack\node_modules\egg-multipart\app\schedule\clean_tmpdir.js
2019-07-27 21:31:13,154 INFO 26048 [egg-schedule]: register schedule C:\Users\Hasee\Desktop\eggwebpack\node_modules\egg-logrotator\app\schedule\clean_log.js
2019-07-27 21:31:13,154 INFO 26048 [egg-schedule]: register schedule C:\Users\Hasee\Desktop\eggwebpack\node_modules\egg-logrotator\app\schedule\rotate_by_file.js
2019-07-27 21:32:06,804 INFO 27840 [egg-schedule]: register schedule C:\Users\Hasee\Desktop\eggwebpack\node_modules\egg-multipart\app\schedule\clean_tmpdir.js
2019-07-27 21:32:06,804 INFO 27840 [egg-schedule]: register schedule C:\Users\Hasee\Desktop\eggwebpack\node_modules\egg-logrotator\app\schedule\clean_log.js
2019-07-27 21:32:06,804 INFO 27840 [egg-schedule]: register schedule C:\Users\Hasee\Desktop\eggwebpack\node_modules\egg-logrotator\app\schedule\rotate_by_file.js
2019-07-27 21:34:55,258 INFO 30932 [Timer] C:\Users\Hasee\Desktop\eggwebpack\node_modules\egg-multipart\app\schedule\clean_tmpdir.js next time will execute after 24904745ms at 2019-07-28 04:30:00.003
2019-07-27 21:34:55,258 INFO 30932 [Timer] C:\Users\Hasee\Desktop\eggwebpack\node_modules\egg-logrotator\app\schedule\clean_log.js next time will execute after 8704742ms at 2019-07-28 00:00:00.000
2019-07-27 21:34:55,259 INFO 30932 [Timer] C:\Users\Hasee\Desktop\eggwebpack\node_modules\egg-logrotator\app\schedule\rotate_by_file.js next time will execute after 8705742ms at 2019-07-28 00:00:01.001
2019-07-27 21:34:55,099 INFO 30620 [egg-schedule]: register schedule C:\Users\Hasee\Desktop\eggwebpack\node_modules\egg-multipart\app\schedule\clean_tmpdir.js
2019-07-27 21:34:55,099 INFO 30620 [egg-schedule]: register schedule C:\Users\Hasee\Desktop\eggwebpack\node_modules\egg-logrotator\app\schedule\clean_log.js
2019-07-27 21:34:55,099 INFO 30620 [egg-schedule]: register schedule C:\Users\Hasee\Desktop\eggwebpack\node_modules\egg-logrotator\app\schedule\rotate_by_file.js
2019-07-27 21:55:52,338 INFO 6744 [egg-schedule]: register schedule C:\Users\Hasee\Desktop\eggwebpack\node_modules\egg-multipart\app\schedule\clean_tmpdir.js
2019-07-27 21:55:52,338 INFO 6744 [egg-schedule]: register schedule C:\Users\Hasee\Desktop\eggwebpack\node_modules\egg-logrotator\app\schedule\clean_log.js
2019-07-27 21:55:52,338 INFO 6744 [egg-schedule]: register schedule C:\Users\Hasee\Desktop\eggwebpack\node_modules\egg-logrotator\app\schedule\rotate_by_file.js
2019-07-27 21:55:52,518 INFO 26400 [Timer] C:\Users\Hasee\Desktop\eggwebpack\node_modules\egg-multipart\app\schedule\clean_tmpdir.js next time will execute after 23647486ms at 2019-07-28 04:30:00.003
2019-07-27 21:55:52,518 INFO 26400 [Timer] C:\Users\Hasee\Desktop\eggwebpack\node_modules\egg-logrotator\app\schedule\clean_log.js next time will execute after 7447482ms at 2019-07-28 00:00:00.000
2019-07-27 21:55:52,518 INFO 26400 [Timer] C:\Users\Hasee\Desktop\eggwebpack\node_modules\egg-logrotator\app\schedule\rotate_by_file.js next time will execute after 7448482ms at 2019-07-28 00:00:01.000
2019-07-27 21:55:56,087 INFO 3208 [egg-schedule]: register schedule C:\Users\Hasee\Desktop\eggwebpack\node_modules\egg-multipart\app\schedule\clean_tmpdir.js
2019-07-27 21:55:56,087 INFO 3208 [egg-schedule]: register schedule C:\Users\Hasee\Desktop\eggwebpack\node_modules\egg-logrotator\app\schedule\clean_log.js
2019-07-27 21:55:56,087 INFO 3208 [egg-schedule]: register schedule C:\Users\Hasee\Desktop\eggwebpack\node_modules\egg-logrotator\app\schedule\rotate_by_file.js
